2021-06-17 12:28:49:2849 [32minfo[39m: [32m[32m[1mDONE[22m[32m Project ready.[39m
2021-06-17 12:29:48:2948 [32minfo[39m: [32mServer is now running at http://localhost:8081/graphql[39m
2021-06-17 12:29:48:2948 [32minfo[39m: [32mconnected to database[39m
2021-06-17 13:37:43:3743 [32minfo[39m: [32mServer is now running at http://localhost:8001/graphql[39m
2021-06-17 13:38:17:3817 [32minfo[39m: [32mEasyPeasyBackend - http://localhost:8001/graphql[39m
2021-06-17 13:38:28:3828 [32minfo[39m: [32mEasy-Peasy-Backend - http://localhost:8001/graphql[39m
2021-06-17 13:38:51:3851 [35mhttp[39m: [35mEasy-Peasy-Backend - http://localhost:8001/graphql[39m
2021-06-17 13:44:03:443 [35mhttp[39m: [35mEasy-Peasy-Backend - http://localhost:8001/graphql[39m
2021-06-17 16:02:49:249 [35mhttp[39m: [35mEasy-Peasy-Backend - server at http://localhost:8001/graphql[39m
2021-06-17 16:04:02:42 [35mhttp[39m: [35mEasy-Peasy-Backend - server at http://localhost:8001/graphql[39m
2021-06-17 16:15:43:1543 [35mhttp[39m: [35mClient @ http://localhost:5000[39m
2021-06-17 16:15:43:1543 [32minfo[39m: [32mEasy-Peasy-Backend - server @ http://localhost:8001/graphql[39m
2021-06-17 16:16:01:161 [35mhttp[39m: [35mClient @ http://localhost:5000[39m
2021-06-17 16:16:01:161 [32minfo[39m: [32mEPB-server @ http://localhost:8001/graphql[39m
2021-06-17 17:17:40:1740 [35mhttp[39m: [35mClient @ http://localhost:5000[39m
2021-06-17 17:17:40:1740 [32minfo[39m: [32mEPB-server @ http://localhost:8001/graphql[39m
2021-06-17 17:22:15:2215 [35mhttp[39m: [35mClient @ http://localhost:5000[39m
2021-06-17 17:22:15:2215 [32minfo[39m: [32mEPB-server @ http://localhost:8001/graphql[39m
2021-06-17 17:25:35:2535 [35mhttp[39m: [35mClient @ http://localhost:5000[39m
2021-06-17 17:25:35:2535 [32minfo[39m: [32mEPB-server @ http://localhost:8001/graphql[39m
2021-06-17 17:25:42:2542 [35mhttp[39m: [35mClient @ http://localhost:5000[39m
2021-06-17 17:25:42:2542 [32minfo[39m: [32mEPB-server @ http://localhost:8001/graphql[39m
2021-06-17 17:26:18:2618 [35mhttp[39m: [35mClient @ http://localhost:5000[39m
2021-06-17 17:26:18:2618 [32minfo[39m: [32mEPB-server @ http://localhost:8001/graphql[39m
2021-06-17 17:26:54:2654 [32minfo[39m: [32mPath received: [39m
2021-06-17 17:27:52:2752 [35mhttp[39m: [35mClient @ http://localhost:5000[39m
2021-06-17 17:27:52:2752 [32minfo[39m: [32mEPB-server @ http://localhost:8001/graphql[39m
2021-06-17 17:28:09:289 [32minfo[39m: [32mPath received: [39m
2021-06-17 17:28:47:2847 [35mhttp[39m: [35mClient @ http://localhost:5000[39m
2021-06-17 17:28:47:2847 [32minfo[39m: [32mEPB-server @ http://localhost:8001/graphql[39m
2021-06-17 17:28:48:2848 [32minfo[39m: [32mTEST PASSED![39m
2021-06-17 17:28:48:2848 [32minfo[39m: [32mPATH: [39m
2021-06-17 17:28:48:2848 [32minfo[39m: [32mPath received: [39m
2021-06-17 17:29:28:2928 [32minfo[39m: [32mTEST PASSED![39m
2021-06-17 17:29:28:2928 [32minfo[39m: [32mPATH: [39m
2021-06-17 17:29:28:2928 [32minfo[39m: [32mPath received: [39m
2021-06-17 17:29:57:2957 [35mhttp[39m: [35mClient @ http://localhost:5000[39m
2021-06-17 17:29:57:2957 [32minfo[39m: [32mEPB-server @ http://localhost:8001/graphql[39m
2021-06-17 17:29:58:2958 [32minfo[39m: [32mTEST PASSED![39m
2021-06-17 17:29:58:2958 [32minfo[39m: [32mPATH: [39m
2021-06-17 17:30:11:3011 [35mhttp[39m: [35mClient @ http://localhost:5000[39m
2021-06-17 17:30:11:3011 [32minfo[39m: [32mEPB-server @ http://localhost:8001/graphql[39m
2021-06-17 17:30:12:3012 [32minfo[39m: [32mTEST PASSED![39m
2021-06-17 17:30:12:3012 [32minfo[39m: [32mPATH: [39m
2021-06-17 17:30:13:3013 [32minfo[39m: [32mTEST PASSED![39m
2021-06-17 17:30:13:3013 [32minfo[39m: [32mPATH: [39m
2021-06-17 17:31:11:3111 [32minfo[39m: [32mTEST PASSED![39m
2021-06-17 17:31:11:3111 [32minfo[39m: [32mPATH: [39m
2021-06-17 17:31:17:3117 [32minfo[39m: [32mTEST PASSED![39m
2021-06-17 17:31:17:3117 [32minfo[39m: [32mPATH: [39m
2021-06-17 17:31:24:3124 [35mhttp[39m: [35mClient @ http://localhost:5000[39m
2021-06-17 17:31:24:3124 [32minfo[39m: [32mEPB-server @ http://localhost:8001/graphql[39m
2021-06-17 17:31:25:3125 [32minfo[39m: [32mTEST PASSED![39m
2021-06-17 17:31:25:3125 [32minfo[39m: [32mPATH: [39m
2021-06-17 17:32:14:3214 [32minfo[39m: [32mTEST PASSED![39m
2021-06-17 17:32:14:3214 [32minfo[39m: [32mPATH: [39m
2021-06-17 17:33:06:336 [35mhttp[39m: [35mClient @ http://localhost:5000[39m
2021-06-17 17:33:06:336 [32minfo[39m: [32mEPB-server @ http://localhost:8001/graphql[39m
2021-06-17 17:33:30:3330 [35mhttp[39m: [35mClient @ http://localhost:5000[39m
2021-06-17 17:33:30:3330 [32minfo[39m: [32mEPB-server @ http://localhost:8001/graphql[39m
2021-06-17 17:33:31:3331 [32minfo[39m: [32mTEST PASSED![39m
2021-06-17 17:33:31:3331 [32minfo[39m: [32mPATH: [39m
2021-06-17 17:33:31:3331 [32minfo[39m: [32mPath received: [39m
2021-06-17 17:33:32:3332 [32minfo[39m: [32mTEST PASSED![39m
2021-06-17 17:33:32:3332 [32minfo[39m: [32mPATH: [39m
2021-06-17 17:33:32:3332 [32minfo[39m: [32mPath received: [39m
2021-06-17 17:34:31:3431 [32minfo[39m: [32mTEST PASSED![39m
2021-06-17 17:34:31:3431 [32minfo[39m: [32mPATH: [39m
2021-06-17 17:34:31:3431 [32minfo[39m: [32mPath received: [39m
2021-06-17 17:34:36:3436 [32minfo[39m: [32mTEST PASSED![39m
2021-06-17 17:34:36:3436 [32minfo[39m: [32mPATH: [39m
2021-06-17 17:34:36:3436 [32minfo[39m: [32mPath received: [39m
2021-06-17 17:34:38:3438 [32minfo[39m: [32mTEST PASSED![39m
2021-06-17 17:34:38:3438 [32minfo[39m: [32mPATH: [39m
2021-06-17 17:34:38:3438 [32minfo[39m: [32mPath received: [39m
2021-06-17 17:35:56:3556 [35mhttp[39m: [35mClient @ http://localhost:5000[39m
2021-06-17 17:35:56:3556 [32minfo[39m: [32mEPB-server @ http://localhost:8001/graphql[39m
2021-06-17 17:36:00:360 [32minfo[39m: [32mTEST PASSED![39m
2021-06-17 17:36:00:360 [32minfo[39m: [32mPATH: [39m
2021-06-17 17:36:00:360 [32minfo[39m: [32mPath received: [39m
2021-06-17 17:36:16:3616 [35mhttp[39m: [35mClient @ http://localhost:5000[39m
2021-06-17 17:36:16:3616 [32minfo[39m: [32mEPB-server @ http://localhost:8001/graphql[39m
2021-06-17 17:36:19:3619 [32minfo[39m: [32mTEST PASSED![39m
2021-06-17 17:36:19:3619 [32minfo[39m: [32mPATH: [39m
2021-06-17 17:36:19:3619 [32minfo[39m: [32mPath received: [39m
2021-06-17 17:37:35:3735 [35mhttp[39m: [35mClient @ http://localhost:5000[39m
2021-06-17 17:37:35:3735 [32minfo[39m: [32mEPB-server @ http://localhost:8001/graphql[39m
2021-06-17 17:37:45:3745 [35mhttp[39m: [35mClient @ http://localhost:5000[39m
2021-06-17 17:37:45:3745 [32minfo[39m: [32mEPB-server @ http://localhost:8001/graphql[39m
2021-06-17 17:37:53:3753 [35mhttp[39m: [35mClient @ http://localhost:5000[39m
2021-06-17 17:37:53:3753 [32minfo[39m: [32mEPB-server @ http://localhost:8001/graphql[39m
2021-06-17 17:38:17:3817 [35mhttp[39m: [35mClient @ http://localhost:5000[39m
2021-06-17 17:38:17:3817 [32minfo[39m: [32mEPB-server @ http://localhost:8001/graphql[39m
2021-06-17 17:38:18:3818 [32minfo[39m: [32mTEST PASSED![39m
2021-06-17 17:38:18:3818 [32minfo[39m: [32mPATH: [39m
2021-06-17 17:38:18:3818 [32minfo[39m: [32mPath received: [39m
2021-06-17 17:40:07:407 [35mhttp[39m: [35mClient @ http://localhost:5000[39m
2021-06-17 17:40:07:407 [32minfo[39m: [32mEPB-server @ http://localhost:8001/graphql[39m
2021-06-17 17:40:07:407 [32minfo[39m: [32mTEST PASSED![39m
2021-06-17 17:40:07:407 [32minfo[39m: [32mPATH: [39m
2021-06-17 17:40:07:407 [32minfo[39m: [32mPath received: [39m
2021-06-17 17:40:13:4013 [35mhttp[39m: [35mClient @ http://localhost:5000[39m
2021-06-17 17:40:13:4013 [32minfo[39m: [32mEPB-server @ http://localhost:8001/graphql[39m
2021-06-17 17:41:29:4129 [35mhttp[39m: [35mClient @ http://localhost:5000[39m
2021-06-17 17:41:29:4129 [32minfo[39m: [32mEPB-server @ http://localhost:8001/graphql[39m
2021-06-17 17:41:56:4156 [35mhttp[39m: [35mClient @ http://localhost:5000[39m
2021-06-17 17:41:56:4156 [32minfo[39m: [32mEPB-server @ http://localhost:8001/graphql[39m
2021-06-17 17:42:33:4233 [32minfo[39m: [32mSending resolvers as string..[39m
2021-06-17 17:42:33:4233 [32minfo[39m: [32m<Buffer 69 6d 70 6f 72 74 20 7b 20 47 72 61 70 68 51 4c 53 63 61 6c 61 72 54 79 70 65 20 7d 20 66 72 6f 6d 20 22 67 72 61 70 68 71 6c 22 3b 0d 0a 69 6d 70 6f ... 503 more bytes>[39m
2021-06-17 17:43:12:4312 [32minfo[39m: [32mSending resolvers as string..[39m
2021-06-17 17:43:12:4312 [32minfo[39m: [32m<Buffer 69 6d 70 6f 72 74 20 7b 20 47 72 61 70 68 51 4c 53 63 61 6c 61 72 54 79 70 65 20 7d 20 66 72 6f 6d 20 22 67 72 61 70 68 71 6c 22 3b 0d 0a 69 6d 70 6f ... 503 more bytes>[39m
2021-06-17 17:44:00:440 [35mhttp[39m: [35mClient @ http://localhost:5000[39m
2021-06-17 17:44:00:440 [32minfo[39m: [32mEPB-server @ http://localhost:8001/graphql[39m
2021-06-17 17:44:01:441 [32minfo[39m: [32mSending resolvers as string..[39m
2021-06-17 17:44:01:441 [32minfo[39m: [32mimport { GraphQLScalarType } from "graphql";[39m
[32mimport Logger from "./logger/logger";[39m
[32mimport { getResolvers } from "./utils/codeToString";[39m

[32mconst dateScalar = new GraphQLScalarType({[39m
[32m  name: "Date",[39m
[32m  parseValue(value: string | number | Date) {[39m
[32m    return new Date(value);[39m
[32m  },[39m
[32m  serialize(value: { toISOString: () => any }) {[39m
[32m    return value.toISOString();[39m
[32m  },[39m
[32m});[39m
[32mexport const resolvers = {[39m
[32m  Date: dateScalar,[39m
[32m  Query: {[39m
[32m    getResolvers: async () => {[39m
[32m      Logger.info(await getResolvers());[39m
[32m      return "OK!";[39m
[32m    },[39m
[32m  },[39m
[32m};[39m
[32m[39m
2021-06-17 17:45:02:452 [32minfo[39m: [32mSending resolvers as string..[39m
2021-06-17 17:45:02:452 [32minfo[39m: [32mimport { GraphQLScalarType } from "graphql";[39m
[32mimport Logger from "./logger/logger";[39m
[32mimport { getResolvers } from "./utils/codeToString";[39m

[32mconst dateScalar = new GraphQLScalarType({[39m
[32m  name: "Date",[39m
[32m  parseValue(value: string | number | Date) {[39m
[32m    return new Date(value);[39m
[32m  },[39m
[32m  serialize(value: { toISOString: () => any }) {[39m
[32m    return value.toISOString();[39m
[32m  },[39m
[32m});[39m
[32mexport const resolvers = {[39m
[32m  Date: dateScalar,[39m
[32m  Query: {[39m
[32m    getResolvers: async () => {[39m
[32m      Logger.info(await getResolvers());[39m
[32m      return "OK!";[39m
[32m    },[39m
[32m  },[39m
[32m};[39m
[32m[39m
2021-06-17 17:46:31:4631 [35mhttp[39m: [35mClient @ http://localhost:5000[39m
2021-06-17 17:46:31:4631 [32minfo[39m: [32mEPB-server @ http://localhost:8001/graphql[39m
2021-06-17 17:46:34:4634 [32minfo[39m: [32mSending resolvers as string..[39m
2021-06-17 18:05:24:524 [32minfo[39m: [32mSending resolvers as string..[39m
2021-06-17 18:09:34:934 [32minfo[39m: [32mSending resolvers as string..[39m
2021-06-17 18:09:35:935 [32minfo[39m: [32mSending resolvers as string..[39m
2021-06-17 18:12:35:1235 [32minfo[39m: [32mSending resolvers as string..[39m
2021-06-17 18:12:54:1254 [32minfo[39m: [32mSending resolvers as string..[39m
2021-06-17 18:19:39:1939 [32minfo[39m: [32mSending resolvers as string..[39m
2021-06-17 18:24:43:2443 [32minfo[39m: [32mSending resolvers as string..[39m
2021-06-17 18:27:11:2711 [32minfo[39m: [32mSending resolvers as string..[39m
2021-06-17 18:27:19:2719 [32minfo[39m: [32mSending resolvers as string..[39m
2021-06-17 18:28:36:2836 [32minfo[39m: [32mSending resolvers as string..[39m
2021-06-17 18:30:56:3056 [32minfo[39m: [32mSending resolvers as string..[39m
2021-06-17 18:33:09:339 [32minfo[39m: [32mSending resolvers as string..[39m
2021-06-17 19:00:56:056 [35mhttp[39m: [35mClient @ http://localhost:5000[39m
2021-06-17 19:00:56:056 [32minfo[39m: [32mEPB-server @ http://localhost:8001/graphql[39m
2021-06-17 23:07:19:719 [35mhttp[39m: [35mClient @ http://localhost:5000[39m
2021-06-17 23:07:19:719 [32minfo[39m: [32mEPB-server @ http://localhost:8001/graphql[39m
2021-06-17 23:07:55:755 [31merror[39m: [31mCould not locate resolvers file, ENOENT: no such file or directory, access 'C:\Users\koren\Documents\GitHub\EPB-server\resolvers'[39m
2021-06-17 23:07:55:755 [32minfo[39m: [32mSending resolvers as string..[39m
2021-06-17 23:08:10:810 [35mhttp[39m: [35mClient @ http://localhost:5000[39m
2021-06-17 23:08:10:810 [32minfo[39m: [32mEPB-server @ http://localhost:8001/graphql[39m
2021-06-17 23:08:10:810 [31merror[39m: [31mCould not locate resolvers file, ENOENT: no such file or directory, access 'C:\Users\koren\Documents\GitHub\EPB-server\resolvers'[39m
2021-06-17 23:08:10:810 [32minfo[39m: [32mSending resolvers as string..[39m
2021-06-17 23:08:34:834 [35mhttp[39m: [35mClient @ http://localhost:5000[39m
2021-06-17 23:08:34:834 [32minfo[39m: [32mEPB-server @ http://localhost:8001/graphql[39m
2021-06-17 23:08:34:834 [31merror[39m: [31mCould not locate resolvers file, ENOENT: no such file or directory, access 'C:\Users\koren\Documents\GitHub\resolvers'[39m
2021-06-17 23:08:34:834 [32minfo[39m: [32mSending resolvers as string..[39m
2021-06-17 23:08:45:845 [35mhttp[39m: [35mClient @ http://localhost:5000[39m
2021-06-17 23:08:45:845 [32minfo[39m: [32mEPB-server @ http://localhost:8001/graphql[39m
2021-06-17 23:08:45:845 [31merror[39m: [31mCould not locate resolvers file, ENOENT: no such file or directory, access 'C:\Users\koren\Documents\GitHub\EPB-server\resolvers'[39m
2021-06-17 23:08:45:845 [32minfo[39m: [32mSending resolvers as string..[39m
2021-06-17 23:09:01:91 [35mhttp[39m: [35mClient @ http://localhost:5000[39m
2021-06-17 23:09:01:91 [32minfo[39m: [32mEPB-server @ http://localhost:8001/graphql[39m
2021-06-17 23:09:02:92 [32minfo[39m: [32mSending resolvers as string..[39m
2021-06-18 00:21:52:2152 [32minfo[39m: [32mSending resolvers as string..[39m
2021-06-18 00:31:10:3110 [32minfo[39m: [32mSending resolvers as string..[39m
2021-06-18 00:31:12:3112 [32minfo[39m: [32mSending resolvers as string..[39m
2021-06-18 14:45:21:4521 [32minfo[39m: [32mSending resolvers as string..[39m
2021-06-18 15:16:33:1633 [35mhttp[39m: [35mClient @ http://localhost:5000[39m
2021-06-18 15:16:33:1633 [32minfo[39m: [32mEPB-server @ http://localhost:8001/graphql[39m
2021-06-18 15:17:51:1751 [35mhttp[39m: [35mClient @ http://localhost:5000[39m
2021-06-18 15:17:51:1751 [32minfo[39m: [32mEPB-server @ http://localhost:8001/graphql[39m
2021-06-18 15:17:56:1756 [32minfo[39m: [32mSending typeDefs as string..[39m
2021-06-18 15:17:58:1758 [32minfo[39m: [32mSending resolvers as string..[39m
2021-06-18 15:17:58:1758 [32minfo[39m: [32mSending typeDefs as string..[39m
2021-06-18 15:19:04:194 [32minfo[39m: [32mSending resolvers as string..[39m
2021-06-18 15:19:04:194 [32minfo[39m: [32mSending typeDefs as string..[39m
2021-06-18 15:26:04:264 [32minfo[39m: [32mSending resolvers as string..[39m
2021-06-18 15:26:04:264 [32minfo[39m: [32mSending typeDefs as string..[39m
2021-06-18 15:26:10:2610 [32minfo[39m: [32mSending resolvers as string..[39m
2021-06-18 15:26:10:2610 [32minfo[39m: [32mSending typeDefs as string..[39m
2021-06-18 15:51:56:5156 [32minfo[39m: [32mSending resolvers as string..[39m
2021-06-18 15:51:56:5156 [32minfo[39m: [32mSending typeDefs as string..[39m
2021-06-18 16:22:42:2242 [32minfo[39m: [32mSending resolvers as string..[39m
2021-06-18 16:22:42:2242 [32minfo[39m: [32mSending typeDefs as string..[39m
2021-06-18 16:22:48:2248 [32minfo[39m: [32mSending resolvers as string..[39m
2021-06-18 16:22:48:2248 [32minfo[39m: [32mSending typeDefs as string..[39m
2021-06-18 16:23:05:235 [32minfo[39m: [32mSending resolvers as string..[39m
2021-06-18 16:23:05:235 [32minfo[39m: [32mSending typeDefs as string..[39m
2021-06-18 16:29:28:2928 [35mhttp[39m: [35mClient @ http://localhost:5000[39m
2021-06-18 16:29:28:2928 [32minfo[39m: [32mEPB-server @ http://localhost:8001/graphql[39m
2021-06-18 16:30:45:3045 [35mhttp[39m: [35mClient @ http://localhost:5000[39m
2021-06-18 16:30:45:3045 [32minfo[39m: [32mEPB-server @ http://localhost:8001/graphql[39m
2021-06-18 16:31:58:3158 [35mhttp[39m: [35mClient @ http://localhost:5000[39m
2021-06-18 16:31:58:3158 [32minfo[39m: [32mEPB-server @ http://localhost:8001/graphql[39m
2021-06-18 16:42:20:4220 [35mhttp[39m: [35mClient @ http://localhost:5000[39m
2021-06-18 16:42:20:4220 [32minfo[39m: [32mEPB-server @ http://localhost:8001/graphql[39m
2021-06-18 16:45:04:454 [35mhttp[39m: [35mClient @ http://localhost:5000[39m
2021-06-18 16:45:04:454 [32minfo[39m: [32mEPB-server @ http://localhost:8001/graphql[39m
2021-06-18 16:45:35:4535 [35mhttp[39m: [35mClient @ http://localhost:5000[39m
2021-06-18 16:45:35:4535 [32minfo[39m: [32mEPB-server @ http://localhost:8001/graphql[39m
2021-06-18 16:45:36:4536 [32minfo[39m: [32mSending resolvers as string..[39m
2021-06-18 16:45:36:4536 [32minfo[39m: [32mSending resolvers as string..[39m
2021-06-18 16:45:36:4536 [32minfo[39m: [32mSending typeDefs as string..[39m
2021-06-18 16:45:47:4547 [35mhttp[39m: [35mClient @ http://localhost:5000[39m
2021-06-18 16:45:47:4547 [32minfo[39m: [32mEPB-server @ http://localhost:8001/graphql[39m
2021-06-18 16:45:47:4547 [32minfo[39m: [32mSending resolvers as string..[39m
2021-06-18 16:45:47:4547 [32minfo[39m: [32mSending resolvers as string..[39m
2021-06-18 16:45:47:4547 [32minfo[39m: [32mSending typeDefs as string..[39m
2021-06-18 16:45:56:4556 [35mhttp[39m: [35mClient @ http://localhost:5000[39m
2021-06-18 16:45:56:4556 [32minfo[39m: [32mEPB-server @ http://localhost:8001/graphql[39m
2021-06-18 16:45:56:4556 [32minfo[39m: [32mSending resolvers as string..[39m
2021-06-18 16:45:56:4556 [32minfo[39m: [32mSending resolvers as string..[39m
2021-06-18 16:45:56:4556 [32minfo[39m: [32mSending typeDefs as string..[39m
2021-06-18 16:46:08:468 [35mhttp[39m: [35mClient @ http://localhost:5000[39m
2021-06-18 16:46:08:468 [32minfo[39m: [32mEPB-server @ http://localhost:8001/graphql[39m
2021-06-18 16:46:08:468 [32minfo[39m: [32mSending resolvers as string..[39m
2021-06-18 16:46:08:468 [32minfo[39m: [32mSending resolvers as string..[39m
2021-06-18 16:46:08:468 [32minfo[39m: [32mSending typeDefs as string..[39m
2021-06-18 16:46:15:4615 [35mhttp[39m: [35mClient @ http://localhost:5000[39m
2021-06-18 16:46:15:4615 [32minfo[39m: [32mEPB-server @ http://localhost:8001/graphql[39m
2021-06-18 16:46:29:4629 [35mhttp[39m: [35mClient @ http://localhost:5000[39m
2021-06-18 16:46:29:4629 [32minfo[39m: [32mEPB-server @ http://localhost:8001/graphql[39m
2021-06-18 16:47:33:4733 [35mhttp[39m: [35mClient @ http://localhost:5000[39m
2021-06-18 16:47:33:4733 [32minfo[39m: [32mEPB-server @ http://localhost:8001/graphql[39m
2021-06-18 16:47:34:4734 [32minfo[39m: [32mSending resolvers as string..[39m
2021-06-18 16:47:34:4734 [32minfo[39m: [32mSending resolvers as string..[39m
2021-06-18 16:47:34:4734 [32minfo[39m: [32mSending typeDefs as string..[39m
2021-06-18 16:47:45:4745 [35mhttp[39m: [35mClient @ http://localhost:5000[39m
2021-06-18 16:47:45:4745 [32minfo[39m: [32mEPB-server @ http://localhost:8001/graphql[39m
2021-06-18 16:47:45:4745 [32minfo[39m: [32mSending resolvers as string..[39m
2021-06-18 16:47:45:4745 [32minfo[39m: [32mSending resolvers as string..[39m
2021-06-18 16:47:45:4745 [32minfo[39m: [32mSending typeDefs as string..[39m
2021-06-18 16:48:28:4828 [35mhttp[39m: [35mClient @ http://localhost:5000[39m
2021-06-18 16:48:28:4828 [32minfo[39m: [32mEPB-server @ http://localhost:8001/graphql[39m
2021-06-18 16:48:30:4830 [32minfo[39m: [32mSending resolvers as string..[39m
2021-06-18 16:48:30:4830 [32minfo[39m: [32mSending resolvers as string..[39m
2021-06-18 16:48:30:4830 [32minfo[39m: [32mSending typeDefs as string..[39m
2021-06-18 16:49:39:4939 [35mhttp[39m: [35mClient @ http://localhost:5000[39m
2021-06-18 16:49:39:4939 [32minfo[39m: [32mEPB-server @ http://localhost:8001/graphql[39m
2021-06-18 16:49:39:4939 [32minfo[39m: [32mSending resolvers as string..[39m
2021-06-18 16:49:39:4939 [32minfo[39m: [32mSending resolvers as string..[39m
2021-06-18 16:49:39:4939 [32minfo[39m: [32mSending typeDefs as string..[39m
2021-06-18 16:49:41:4941 [32minfo[39m: [32mSending resolvers as string..[39m
2021-06-18 16:49:41:4941 [32minfo[39m: [32mSending resolvers as string..[39m
2021-06-18 16:49:41:4941 [32minfo[39m: [32mSending typeDefs as string..[39m
2021-06-18 16:49:43:4943 [32minfo[39m: [32mSending resolvers as string..[39m
2021-06-18 16:49:43:4943 [32minfo[39m: [32mSending resolvers as string..[39m
2021-06-18 16:49:43:4943 [32minfo[39m: [32mSending typeDefs as string..[39m
2021-06-18 16:50:35:5035 [35mhttp[39m: [35mClient @ http://localhost:5000[39m
2021-06-18 16:50:35:5035 [32minfo[39m: [32mEPB-server @ http://localhost:8001/graphql[39m
2021-06-18 16:50:39:5039 [35mhttp[39m: [35mClient @ http://localhost:5000[39m
2021-06-18 16:50:39:5039 [32minfo[39m: [32mEPB-server @ http://localhost:8001/graphql[39m
2021-06-18 16:50:39:5039 [32minfo[39m: [32mSending resolvers as string..[39m
2021-06-18 16:50:39:5039 [32minfo[39m: [32mSending resolvers as string..[39m
2021-06-18 16:50:39:5039 [32minfo[39m: [32mSending typeDefs as string..[39m
2021-06-18 16:50:54:5054 [35mhttp[39m: [35mClient @ http://localhost:5000[39m
2021-06-18 16:50:54:5054 [32minfo[39m: [32mEPB-server @ http://localhost:8001/graphql[39m
2021-06-18 16:50:55:5055 [32minfo[39m: [32mSending resolvers as string..[39m
2021-06-18 16:50:55:5055 [32minfo[39m: [32mSending resolvers as string..[39m
2021-06-18 16:50:55:5055 [32minfo[39m: [32mSending typeDefs as string..[39m
2021-06-18 16:51:38:5138 [35mhttp[39m: [35mClient @ http://localhost:5000[39m
2021-06-18 16:51:38:5138 [32minfo[39m: [32mEPB-server @ http://localhost:8001/graphql[39m
2021-06-18 16:51:38:5138 [32minfo[39m: [32mSending resolvers as string..[39m
2021-06-18 16:51:38:5138 [32minfo[39m: [32mSending resolvers as string..[39m
2021-06-18 16:51:38:5138 [32minfo[39m: [32mSending typeDefs as string..[39m
2021-06-18 16:51:41:5141 [32minfo[39m: [32mSending resolvers as string..[39m
2021-06-18 16:51:41:5141 [32minfo[39m: [32mSending resolvers as string..[39m
2021-06-18 16:51:41:5141 [32minfo[39m: [32mSending typeDefs as string..[39m
2021-06-18 16:53:38:5338 [35mhttp[39m: [35mClient @ http://localhost:5000[39m
2021-06-18 16:53:38:5338 [32minfo[39m: [32mEPB-server @ http://localhost:8001/graphql[39m
2021-06-18 16:53:44:5344 [35mhttp[39m: [35mClient @ http://localhost:5000[39m
2021-06-18 16:53:44:5344 [32minfo[39m: [32mEPB-server @ http://localhost:8001/graphql[39m
2021-06-18 16:53:44:5344 [32minfo[39m: [32mSending resolvers as string..[39m
2021-06-18 16:53:44:5344 [32minfo[39m: [32mSending resolvers as string..[39m
2021-06-18 16:53:44:5344 [32minfo[39m: [32mSending typeDefs as string..[39m
2021-06-18 16:55:46:5546 [35mhttp[39m: [35mClient @ http://localhost:5000[39m
2021-06-18 16:55:46:5546 [32minfo[39m: [32mEPB-server @ http://localhost:8001/graphql[39m
2021-06-18 16:55:47:5547 [32minfo[39m: [32mSending resolvers as string..[39m
2021-06-18 16:55:47:5547 [32minfo[39m: [32mSending resolvers as string..[39m
2021-06-18 16:55:47:5547 [32minfo[39m: [32mSending typeDefs as string..[39m
2021-06-18 16:56:17:5617 [35mhttp[39m: [35mClient @ http://localhost:5000[39m
2021-06-18 16:56:17:5617 [32minfo[39m: [32mEPB-server @ http://localhost:8001/graphql[39m
2021-06-18 16:56:17:5617 [32minfo[39m: [32mSending resolvers as string..[39m
2021-06-18 16:56:17:5617 [32minfo[39m: [32mSending resolvers as string..[39m
2021-06-18 16:56:17:5617 [32minfo[39m: [32mSending typeDefs as string..[39m
2021-06-18 16:56:23:5623 [32minfo[39m: [32mSending resolvers as string..[39m
2021-06-18 16:56:23:5623 [32minfo[39m: [32mSending resolvers as string..[39m
2021-06-18 16:56:23:5623 [32minfo[39m: [32mSending typeDefs as string..[39m
2021-06-18 16:56:34:5634 [35mhttp[39m: [35mClient @ http://localhost:5000[39m
2021-06-18 16:56:34:5634 [32minfo[39m: [32mEPB-server @ http://localhost:8001/graphql[39m
2021-06-18 16:56:34:5634 [32minfo[39m: [32mSending resolvers as string..[39m
2021-06-18 16:56:34:5634 [32minfo[39m: [32mSending resolvers as string..[39m
2021-06-18 16:56:34:5634 [32minfo[39m: [32mSending typeDefs as string..[39m
2021-06-18 16:56:42:5642 [35mhttp[39m: [35mClient @ http://localhost:5000[39m
2021-06-18 16:56:42:5642 [32minfo[39m: [32mEPB-server @ http://localhost:8001/graphql[39m
2021-06-18 16:56:42:5642 [32minfo[39m: [32mSending resolvers as string..[39m
2021-06-18 16:56:42:5642 [32minfo[39m: [32mSending resolvers as string..[39m
2021-06-18 16:56:42:5642 [32minfo[39m: [32mSending typeDefs as string..[39m
2021-06-18 16:56:53:5653 [35mhttp[39m: [35mClient @ http://localhost:5000[39m
2021-06-18 16:56:53:5653 [32minfo[39m: [32mEPB-server @ http://localhost:8001/graphql[39m
2021-06-18 16:56:53:5653 [32minfo[39m: [32mSending resolvers as string..[39m
2021-06-18 16:56:53:5653 [32minfo[39m: [32mSending resolvers as string..[39m
2021-06-18 16:56:53:5653 [32minfo[39m: [32mSending typeDefs as string..[39m
2021-06-18 16:57:22:5722 [35mhttp[39m: [35mClient @ http://localhost:5000[39m
2021-06-18 16:57:22:5722 [32minfo[39m: [32mEPB-server @ http://localhost:8001/graphql[39m
2021-06-18 16:57:23:5723 [32minfo[39m: [32mSending resolvers as string..[39m
2021-06-18 16:57:23:5723 [32minfo[39m: [32mSending resolvers as string..[39m
2021-06-18 16:57:23:5723 [32minfo[39m: [32mSending typeDefs as string..[39m
2021-06-18 16:57:30:5730 [35mhttp[39m: [35mClient @ http://localhost:5000[39m
2021-06-18 16:57:30:5730 [32minfo[39m: [32mEPB-server @ http://localhost:8001/graphql[39m
2021-06-18 16:58:10:5810 [35mhttp[39m: [35mClient @ http://localhost:5000[39m
2021-06-18 16:58:10:5810 [32minfo[39m: [32mEPB-server @ http://localhost:8001/graphql[39m
2021-06-18 16:58:10:5810 [32minfo[39m: [32mSending resolvers as string..[39m
2021-06-18 16:58:11:5811 [32minfo[39m: [32mSending resolvers as string..[39m
2021-06-18 16:58:11:5811 [32minfo[39m: [32mSending typeDefs as string..[39m
2021-06-18 16:58:45:5845 [35mhttp[39m: [35mClient @ http://localhost:5000[39m
2021-06-18 16:58:45:5845 [32minfo[39m: [32mEPB-server @ http://localhost:8001/graphql[39m
2021-06-18 16:59:04:594 [35mhttp[39m: [35mClient @ http://localhost:5000[39m
2021-06-18 16:59:04:594 [32minfo[39m: [32mEPB-server @ http://localhost:8001/graphql[39m
2021-06-18 16:59:05:595 [32minfo[39m: [32mSending resolvers as string..[39m
2021-06-18 16:59:05:595 [32minfo[39m: [32mSending resolvers as string..[39m
2021-06-18 16:59:05:595 [32minfo[39m: [32mSending typeDefs as string..[39m
2021-06-18 16:59:46:5946 [35mhttp[39m: [35mClient @ http://localhost:5000[39m
2021-06-18 16:59:46:5946 [32minfo[39m: [32mEPB-server @ http://localhost:8001/graphql[39m
2021-06-18 16:59:46:5946 [32minfo[39m: [32mSending resolvers as string..[39m
2021-06-18 16:59:46:5946 [32minfo[39m: [32mSending resolvers as string..[39m
2021-06-18 16:59:46:5946 [32minfo[39m: [32mSending typeDefs as string..[39m
2021-06-18 17:00:03:03 [35mhttp[39m: [35mClient @ http://localhost:5000[39m
2021-06-18 17:00:03:03 [32minfo[39m: [32mEPB-server @ http://localhost:8001/graphql[39m
2021-06-18 17:00:04:04 [32minfo[39m: [32mSending resolvers as string..[39m
2021-06-18 17:00:04:04 [32minfo[39m: [32mSending resolvers as string..[39m
2021-06-18 17:00:04:04 [32minfo[39m: [32mSending typeDefs as string..[39m
2021-06-18 17:00:24:024 [35mhttp[39m: [35mClient @ http://localhost:5000[39m
2021-06-18 17:00:24:024 [32minfo[39m: [32mEPB-server @ http://localhost:8001/graphql[39m
2021-06-18 17:00:24:024 [32minfo[39m: [32mSending resolvers as string..[39m
2021-06-18 17:00:24:024 [32minfo[39m: [32mSending resolvers as string..[39m
2021-06-18 17:00:24:024 [32minfo[39m: [32mSending typeDefs as string..[39m
2021-06-18 17:00:31:031 [35mhttp[39m: [35mClient @ http://localhost:5000[39m
2021-06-18 17:00:31:031 [32minfo[39m: [32mEPB-server @ http://localhost:8001/graphql[39m
2021-06-18 17:00:31:031 [32minfo[39m: [32mSending resolvers as string..[39m
2021-06-18 17:00:31:031 [32minfo[39m: [32mSending resolvers as string..[39m
2021-06-18 17:00:31:031 [32minfo[39m: [32mSending typeDefs as string..[39m
2021-06-18 17:03:34:334 [35mhttp[39m: [35mClient @ http://localhost:5000[39m
2021-06-18 17:03:34:334 [32minfo[39m: [32mEPB-server @ http://localhost:8001/graphql[39m
2021-06-18 17:03:34:334 [32minfo[39m: [32mSending resolvers as string..[39m
2021-06-18 17:03:34:334 [32minfo[39m: [32mSending resolvers as string..[39m
2021-06-18 17:03:34:334 [32minfo[39m: [32mSending typeDefs as string..[39m
2021-06-18 17:05:09:59 [35mhttp[39m: [35mClient @ http://localhost:5000[39m
2021-06-18 17:05:09:59 [32minfo[39m: [32mEPB-server @ http://localhost:8001/graphql[39m
2021-06-18 17:05:09:59 [32minfo[39m: [32mSending resolvers as string..[39m
2021-06-18 17:05:09:59 [32minfo[39m: [32mSending resolvers as string..[39m
2021-06-18 17:05:09:59 [32minfo[39m: [32mSending typeDefs as string..[39m
2021-06-18 17:05:25:525 [35mhttp[39m: [35mClient @ http://localhost:5000[39m
2021-06-18 17:05:25:525 [32minfo[39m: [32mEPB-server @ http://localhost:8001/graphql[39m
2021-06-18 17:05:27:527 [32minfo[39m: [32mSending resolvers as string..[39m
2021-06-18 17:05:27:527 [32minfo[39m: [32mSending resolvers as string..[39m
2021-06-18 17:05:27:527 [32minfo[39m: [32mSending typeDefs as string..[39m
2021-06-18 17:05:52:552 [35mhttp[39m: [35mClient @ http://localhost:5000[39m
2021-06-18 17:05:52:552 [32minfo[39m: [32mEPB-server @ http://localhost:8001/graphql[39m
2021-06-18 17:05:53:553 [32minfo[39m: [32mSending resolvers as string..[39m
2021-06-18 17:05:53:553 [32minfo[39m: [32mSending resolvers as string..[39m
2021-06-18 17:05:53:553 [32minfo[39m: [32mSending typeDefs as string..[39m
2021-06-18 17:06:01:61 [35mhttp[39m: [35mClient @ http://localhost:5000[39m
2021-06-18 17:06:01:61 [32minfo[39m: [32mEPB-server @ http://localhost:8001/graphql[39m
2021-06-18 17:06:02:62 [32minfo[39m: [32mSending resolvers as string..[39m
2021-06-18 17:06:02:62 [32minfo[39m: [32mSending resolvers as string..[39m
2021-06-18 17:06:02:62 [32minfo[39m: [32mSending typeDefs as string..[39m
2021-06-18 17:06:22:622 [35mhttp[39m: [35mClient @ http://localhost:5000[39m
2021-06-18 17:06:22:622 [32minfo[39m: [32mEPB-server @ http://localhost:8001/graphql[39m
2021-06-18 17:06:30:630 [35mhttp[39m: [35mClient @ http://localhost:5000[39m
2021-06-18 17:06:30:630 [32minfo[39m: [32mEPB-server @ http://localhost:8001/graphql[39m
2021-06-18 17:06:51:651 [35mhttp[39m: [35mClient @ http://localhost:5000[39m
2021-06-18 17:06:51:651 [32minfo[39m: [32mEPB-server @ http://localhost:8001/graphql[39m
2021-06-18 17:06:51:651 [32minfo[39m: [32mSending resolvers as string..[39m
2021-06-18 17:06:51:651 [32minfo[39m: [32mSending resolvers as string..[39m
2021-06-18 17:06:51:651 [32minfo[39m: [32mSending typeDefs as string..[39m
2021-06-18 17:07:06:76 [35mhttp[39m: [35mClient @ http://localhost:5000[39m
2021-06-18 17:07:06:76 [32minfo[39m: [32mEPB-server @ http://localhost:8001/graphql[39m
2021-06-18 17:07:36:736 [35mhttp[39m: [35mClient @ http://localhost:5000[39m
2021-06-18 17:07:36:736 [32minfo[39m: [32mEPB-server @ http://localhost:8001/graphql[39m
2021-06-18 17:07:37:737 [32minfo[39m: [32mSending resolvers as string..[39m
2021-06-18 17:07:37:737 [32minfo[39m: [32mSending resolvers as string..[39m
2021-06-18 17:07:37:737 [32minfo[39m: [32mSending typeDefs as string..[39m
2021-06-18 17:08:28:828 [35mhttp[39m: [35mClient @ http://localhost:5000[39m
2021-06-18 17:08:28:828 [32minfo[39m: [32mEPB-server @ http://localhost:8001/graphql[39m
2021-06-18 17:08:28:828 [32minfo[39m: [32mSending resolvers as string..[39m
2021-06-18 17:08:28:828 [32minfo[39m: [32mSending resolvers as string..[39m
2021-06-18 17:08:28:828 [32minfo[39m: [32mSending typeDefs as string..[39m
2021-06-18 17:10:23:1023 [35mhttp[39m: [35mClient @ http://localhost:5000[39m
2021-06-18 17:10:23:1023 [32minfo[39m: [32mEPB-server @ http://localhost:8001/graphql[39m
2021-06-18 17:10:23:1023 [32minfo[39m: [32mSending resolvers as string..[39m
2021-06-18 17:10:23:1023 [32minfo[39m: [32mSending resolvers as string..[39m
2021-06-18 17:10:23:1023 [32minfo[39m: [32mSending typeDefs as string..[39m
2021-06-18 17:11:08:118 [35mhttp[39m: [35mClient @ http://localhost:5000[39m
2021-06-18 17:11:08:118 [32minfo[39m: [32mEPB-server @ http://localhost:8001/graphql[39m
2021-06-18 17:11:08:118 [32minfo[39m: [32mSending resolvers as string..[39m
2021-06-18 17:11:08:118 [32minfo[39m: [32mSending resolvers as string..[39m
2021-06-18 17:11:08:118 [32minfo[39m: [32mSending typeDefs as string..[39m
2021-06-18 17:11:16:1116 [35mhttp[39m: [35mClient @ http://localhost:5000[39m
2021-06-18 17:11:16:1116 [32minfo[39m: [32mEPB-server @ http://localhost:8001/graphql[39m
2021-06-18 17:11:16:1116 [32minfo[39m: [32mSending resolvers as string..[39m
2021-06-18 17:11:16:1116 [32minfo[39m: [32mSending resolvers as string..[39m
2021-06-18 17:11:16:1116 [32minfo[39m: [32mSending typeDefs as string..[39m
2021-06-18 17:11:22:1122 [35mhttp[39m: [35mClient @ http://localhost:5000[39m
2021-06-18 17:11:22:1122 [32minfo[39m: [32mEPB-server @ http://localhost:8001/graphql[39m
2021-06-18 17:11:22:1122 [32minfo[39m: [32mSending resolvers as string..[39m
2021-06-18 17:11:22:1122 [32minfo[39m: [32mSending resolvers as string..[39m
2021-06-18 17:11:22:1122 [32minfo[39m: [32mSending typeDefs as string..[39m
2021-06-18 17:11:34:1134 [35mhttp[39m: [35mClient @ http://localhost:5000[39m
2021-06-18 17:11:34:1134 [32minfo[39m: [32mEPB-server @ http://localhost:8001/graphql[39m
2021-06-18 17:11:34:1134 [32minfo[39m: [32mSending resolvers as string..[39m
2021-06-18 17:11:34:1134 [32minfo[39m: [32mSending resolvers as string..[39m
2021-06-18 17:11:34:1134 [32minfo[39m: [32mSending typeDefs as string..[39m
2021-06-18 17:12:03:123 [35mhttp[39m: [35mClient @ http://localhost:5000[39m
2021-06-18 17:12:03:123 [32minfo[39m: [32mEPB-server @ http://localhost:8001/graphql[39m
2021-06-18 17:12:03:123 [32minfo[39m: [32mSending resolvers as string..[39m
2021-06-18 17:12:03:123 [32minfo[39m: [32mSending resolvers as string..[39m
2021-06-18 17:12:03:123 [32minfo[39m: [32mSending typeDefs as string..[39m
2021-06-18 17:12:11:1211 [35mhttp[39m: [35mClient @ http://localhost:5000[39m
2021-06-18 17:12:11:1211 [32minfo[39m: [32mEPB-server @ http://localhost:8001/graphql[39m
2021-06-18 17:12:11:1211 [32minfo[39m: [32mSending resolvers as string..[39m
2021-06-18 17:12:11:1211 [32minfo[39m: [32mSending resolvers as string..[39m
2021-06-18 17:12:11:1211 [32minfo[39m: [32mSending typeDefs as string..[39m
2021-06-18 17:12:19:1219 [35mhttp[39m: [35mClient @ http://localhost:5000[39m
2021-06-18 17:12:19:1219 [32minfo[39m: [32mEPB-server @ http://localhost:8001/graphql[39m
2021-06-18 17:12:19:1219 [32minfo[39m: [32mSending resolvers as string..[39m
2021-06-18 17:12:19:1219 [32minfo[39m: [32mSending resolvers as string..[39m
2021-06-18 17:12:19:1219 [32minfo[39m: [32mSending typeDefs as string..[39m
2021-06-18 17:12:25:1225 [35mhttp[39m: [35mClient @ http://localhost:5000[39m
2021-06-18 17:12:25:1225 [32minfo[39m: [32mEPB-server @ http://localhost:8001/graphql[39m
2021-06-18 17:12:34:1234 [35mhttp[39m: [35mClient @ http://localhost:5000[39m
2021-06-18 17:12:34:1234 [32minfo[39m: [32mEPB-server @ http://localhost:8001/graphql[39m
2021-06-18 17:12:34:1234 [32minfo[39m: [32mSending resolvers as string..[39m
2021-06-18 17:12:34:1234 [32minfo[39m: [32mSending resolvers as string..[39m
2021-06-18 17:12:34:1234 [32minfo[39m: [32mSending typeDefs as string..[39m
2021-06-18 17:35:45:3545 [32minfo[39m: [32mSending resolvers as string..[39m
2021-06-18 17:35:45:3545 [32minfo[39m: [32mSending resolvers as string..[39m
2021-06-18 17:35:45:3545 [32minfo[39m: [32mSending typeDefs as string..[39m
2021-06-18 17:41:39:4139 [32minfo[39m: [32mSending resolvers as string..[39m
2021-06-18 17:41:39:4139 [32minfo[39m: [32mSending resolvers as string..[39m
2021-06-18 17:41:39:4139 [32minfo[39m: [32mSending typeDefs as string..[39m
2021-06-18 17:43:08:438 [32minfo[39m: [32mSending resolvers as string..[39m
2021-06-18 17:43:08:438 [32minfo[39m: [32mSending resolvers as string..[39m
2021-06-18 17:43:08:438 [32minfo[39m: [32mSending typeDefs as string..[39m
2021-06-18 17:44:01:441 [32minfo[39m: [32mSending resolvers as string..[39m
2021-06-18 17:44:01:441 [32minfo[39m: [32mSending resolvers as string..[39m
2021-06-18 17:44:01:441 [32minfo[39m: [32mSending typeDefs as string..[39m
2021-06-18 17:44:19:4419 [32minfo[39m: [32mSending resolvers as string..[39m
2021-06-18 17:44:19:4419 [32minfo[39m: [32mSending resolvers as string..[39m
2021-06-18 17:44:19:4419 [32minfo[39m: [32mSending typeDefs as string..[39m
2021-06-18 17:46:28:4628 [32minfo[39m: [32mSending resolvers as string..[39m
2021-06-18 17:46:28:4628 [32minfo[39m: [32mSending resolvers as string..[39m
2021-06-18 17:46:28:4628 [32minfo[39m: [32mSending typeDefs as string..[39m
2021-06-18 17:46:46:4646 [32minfo[39m: [32mSending resolvers as string..[39m
2021-06-18 17:46:46:4646 [32minfo[39m: [32mSending resolvers as string..[39m
2021-06-18 17:46:46:4646 [32minfo[39m: [32mSending typeDefs as string..[39m
2021-06-18 17:46:50:4650 [32minfo[39m: [32mSending resolvers as string..[39m
2021-06-18 17:46:50:4650 [32minfo[39m: [32mSending resolvers as string..[39m
2021-06-18 17:46:50:4650 [32minfo[39m: [32mSending typeDefs as string..[39m
2021-06-18 17:47:40:4740 [32minfo[39m: [32mSending resolvers as string..[39m
2021-06-18 17:47:40:4740 [32minfo[39m: [32mSending resolvers as string..[39m
2021-06-18 17:47:40:4740 [32minfo[39m: [32mSending typeDefs as string..[39m
2021-06-18 17:47:56:4756 [32minfo[39m: [32mSending resolvers as string..[39m
2021-06-18 17:47:56:4756 [32minfo[39m: [32mSending resolvers as string..[39m
2021-06-18 17:47:56:4756 [32minfo[39m: [32mSending typeDefs as string..[39m
2021-06-18 17:47:58:4758 [32minfo[39m: [32mSending resolvers as string..[39m
2021-06-18 17:47:58:4758 [32minfo[39m: [32mSending resolvers as string..[39m
2021-06-18 17:47:58:4758 [32minfo[39m: [32mSending typeDefs as string..[39m
2021-06-18 17:48:16:4816 [32minfo[39m: [32mSending resolvers as string..[39m
2021-06-18 17:48:16:4816 [32minfo[39m: [32mSending resolvers as string..[39m
2021-06-18 17:48:16:4816 [32minfo[39m: [32mSending typeDefs as string..[39m
2021-06-18 17:50:51:5051 [32minfo[39m: [32mSending resolvers as string..[39m
2021-06-18 17:50:51:5051 [32minfo[39m: [32mSending resolvers as string..[39m
2021-06-18 17:50:51:5051 [32minfo[39m: [32mSending typeDefs as string..[39m
2021-06-18 17:52:34:5234 [32minfo[39m: [32mSending resolvers as string..[39m
2021-06-18 17:52:34:5234 [32minfo[39m: [32mSending resolvers as string..[39m
2021-06-18 17:52:34:5234 [32minfo[39m: [32mSending typeDefs as string..[39m
2021-06-18 17:54:10:5410 [32minfo[39m: [32mSending resolvers as string..[39m
2021-06-18 17:54:10:5410 [32minfo[39m: [32mSending resolvers as string..[39m
2021-06-18 17:54:10:5410 [32minfo[39m: [32mSending typeDefs as string..[39m
2021-06-18 17:54:38:5438 [32minfo[39m: [32mSending resolvers as string..[39m
2021-06-18 17:54:38:5438 [32minfo[39m: [32mSending resolvers as string..[39m
2021-06-18 17:54:38:5438 [32minfo[39m: [32mSending typeDefs as string..[39m
2021-06-18 17:55:38:5538 [32minfo[39m: [32mSending resolvers as string..[39m
2021-06-18 17:55:38:5538 [32minfo[39m: [32mSending resolvers as string..[39m
2021-06-18 17:55:38:5538 [32minfo[39m: [32mSending typeDefs as string..[39m
2021-06-18 17:55:56:5556 [32minfo[39m: [32mSending resolvers as string..[39m
2021-06-18 17:55:56:5556 [32minfo[39m: [32mSending resolvers as string..[39m
2021-06-18 17:55:56:5556 [32minfo[39m: [32mSending typeDefs as string..[39m
2021-06-18 17:56:35:5635 [32minfo[39m: [32mSending resolvers as string..[39m
2021-06-18 17:56:35:5635 [32minfo[39m: [32mSending resolvers as string..[39m
2021-06-18 17:56:35:5635 [32minfo[39m: [32mSending typeDefs as string..[39m
2021-06-18 17:57:03:573 [32minfo[39m: [32mSending resolvers as string..[39m
2021-06-18 17:57:03:573 [32minfo[39m: [32mSending resolvers as string..[39m
2021-06-18 17:57:03:573 [32minfo[39m: [32mSending typeDefs as string..[39m
2021-06-18 17:57:20:5720 [32minfo[39m: [32mSending resolvers as string..[39m
2021-06-18 17:57:20:5720 [32minfo[39m: [32mSending resolvers as string..[39m
2021-06-18 17:57:20:5720 [32minfo[39m: [32mSending typeDefs as string..[39m
2021-06-18 17:57:53:5753 [32minfo[39m: [32mSending resolvers as string..[39m
2021-06-18 17:57:53:5753 [32minfo[39m: [32mSending resolvers as string..[39m
2021-06-18 17:57:53:5753 [32minfo[39m: [32mSending typeDefs as string..[39m
2021-06-18 17:58:03:583 [32minfo[39m: [32mSending resolvers as string..[39m
2021-06-18 17:58:03:583 [32minfo[39m: [32mSending resolvers as string..[39m
2021-06-18 17:58:04:584 [32minfo[39m: [32mSending typeDefs as string..[39m
2021-06-18 18:03:48:348 [32minfo[39m: [32mSending resolvers as string..[39m
2021-06-18 18:03:48:348 [32minfo[39m: [32mSending resolvers as string..[39m
2021-06-18 18:03:48:348 [32minfo[39m: [32mSending typeDefs as string..[39m
2021-06-18 18:03:49:349 [32minfo[39m: [32mSending resolvers as string..[39m
2021-06-18 18:03:49:349 [32minfo[39m: [32mSending resolvers as string..[39m
2021-06-18 18:03:49:349 [32minfo[39m: [32mSending typeDefs as string..[39m
2021-06-18 18:07:30:730 [32minfo[39m: [32mSending resolvers as string..[39m
2021-06-18 18:07:30:730 [32minfo[39m: [32mSending resolvers as string..[39m
2021-06-18 18:07:30:730 [32minfo[39m: [32mSending typeDefs as string..[39m
2021-06-18 18:07:58:758 [32minfo[39m: [32mSending resolvers as string..[39m
2021-06-18 18:07:58:758 [32minfo[39m: [32mSending resolvers as string..[39m
2021-06-18 18:07:58:758 [32minfo[39m: [32mSending typeDefs as string..[39m
2021-06-18 18:08:15:815 [32minfo[39m: [32mSending resolvers as string..[39m
2021-06-18 18:08:15:815 [32minfo[39m: [32mSending resolvers as string..[39m
2021-06-18 18:08:15:815 [32minfo[39m: [32mSending typeDefs as string..[39m
2021-06-18 18:09:13:913 [32minfo[39m: [32mSending resolvers as string..[39m
2021-06-18 18:09:13:913 [32minfo[39m: [32mSending resolvers as string..[39m
2021-06-18 18:09:13:913 [32minfo[39m: [32mSending typeDefs as string..[39m
2021-06-18 18:09:30:930 [32minfo[39m: [32mSending resolvers as string..[39m
2021-06-18 18:09:30:930 [32minfo[39m: [32mSending resolvers as string..[39m
2021-06-18 18:09:30:930 [32minfo[39m: [32mSending typeDefs as string..[39m
2021-06-18 18:09:39:939 [32minfo[39m: [32mSending resolvers as string..[39m
2021-06-18 18:09:39:939 [32minfo[39m: [32mSending resolvers as string..[39m
2021-06-18 18:09:39:939 [32minfo[39m: [32mSending typeDefs as string..[39m
2021-06-18 18:10:12:1012 [32minfo[39m: [32mSending resolvers as string..[39m
2021-06-18 18:10:12:1012 [32minfo[39m: [32mSending resolvers as string..[39m
2021-06-18 18:10:12:1012 [32minfo[39m: [32mSending typeDefs as string..[39m
2021-06-18 18:10:56:1056 [32minfo[39m: [32mSending resolvers as string..[39m
2021-06-18 18:10:56:1056 [32minfo[39m: [32mSending resolvers as string..[39m
2021-06-18 18:10:56:1056 [32minfo[39m: [32mSending typeDefs as string..[39m
2021-06-18 18:11:31:1131 [32minfo[39m: [32mSending resolvers as string..[39m
2021-06-18 18:11:31:1131 [32minfo[39m: [32mSending resolvers as string..[39m
2021-06-18 18:11:31:1131 [32minfo[39m: [32mSending typeDefs as string..[39m
2021-06-18 18:12:22:1222 [32minfo[39m: [32mSending resolvers as string..[39m
2021-06-18 18:12:22:1222 [32minfo[39m: [32mSending resolvers as string..[39m
2021-06-18 18:12:22:1222 [32minfo[39m: [32mSending typeDefs as string..[39m
2021-06-18 18:12:45:1245 [32minfo[39m: [32mSending resolvers as string..[39m
2021-06-18 18:12:45:1245 [32minfo[39m: [32mSending resolvers as string..[39m
2021-06-18 18:12:45:1245 [32minfo[39m: [32mSending typeDefs as string..[39m
2021-06-18 18:12:55:1255 [32minfo[39m: [32mSending resolvers as string..[39m
2021-06-18 18:12:55:1255 [32minfo[39m: [32mSending resolvers as string..[39m
2021-06-18 18:12:55:1255 [32minfo[39m: [32mSending typeDefs as string..[39m
2021-06-18 18:13:30:1330 [32minfo[39m: [32mSending resolvers as string..[39m
2021-06-18 18:13:30:1330 [32minfo[39m: [32mSending resolvers as string..[39m
2021-06-18 18:13:30:1330 [32minfo[39m: [32mSending typeDefs as string..[39m
2021-06-18 18:15:38:1538 [32minfo[39m: [32mSending resolvers as string..[39m
2021-06-18 18:15:38:1538 [32minfo[39m: [32mSending resolvers as string..[39m
2021-06-18 18:15:38:1538 [32minfo[39m: [32mSending typeDefs as string..[39m
2021-06-18 18:16:31:1631 [32minfo[39m: [32mSending resolvers as string..[39m
2021-06-18 18:16:31:1631 [32minfo[39m: [32mSending resolvers as string..[39m
2021-06-18 18:16:31:1631 [32minfo[39m: [32mSending typeDefs as string..[39m
2021-06-18 18:19:10:1910 [32minfo[39m: [32mSending resolvers as string..[39m
2021-06-18 18:19:10:1910 [32minfo[39m: [32mSending resolvers as string..[39m
2021-06-18 18:19:10:1910 [32minfo[39m: [32mSending typeDefs as string..[39m
2021-06-18 18:19:46:1946 [32minfo[39m: [32mSending resolvers as string..[39m
2021-06-18 18:19:46:1946 [32minfo[39m: [32mSending resolvers as string..[39m
2021-06-18 18:19:46:1946 [32minfo[39m: [32mSending typeDefs as string..[39m
2021-06-18 18:22:47:2247 [32minfo[39m: [32mSending resolvers as string..[39m
2021-06-18 18:22:47:2247 [32minfo[39m: [32mSending resolvers as string..[39m
2021-06-18 18:22:47:2247 [32minfo[39m: [32mSending typeDefs as string..[39m
2021-06-18 18:23:11:2311 [32minfo[39m: [32mSending resolvers as string..[39m
2021-06-18 18:23:11:2311 [32minfo[39m: [32mSending resolvers as string..[39m
2021-06-18 18:23:11:2311 [32minfo[39m: [32mSending typeDefs as string..[39m
2021-06-18 18:29:08:298 [32minfo[39m: [32mSending resolvers as string..[39m
2021-06-18 18:29:08:298 [32minfo[39m: [32mSending resolvers as string..[39m
2021-06-18 18:29:08:298 [32minfo[39m: [32mSending typeDefs as string..[39m
2021-06-18 18:32:12:3212 [32minfo[39m: [32mSending resolvers as string..[39m
2021-06-18 18:32:12:3212 [32minfo[39m: [32mSending resolvers as string..[39m
2021-06-18 18:32:12:3212 [32minfo[39m: [32mSending typeDefs as string..[39m
2021-06-18 18:38:56:3856 [32minfo[39m: [32mSending resolvers as string..[39m
2021-06-18 18:38:56:3856 [32minfo[39m: [32mSending resolvers as string..[39m
2021-06-18 18:38:56:3856 [32minfo[39m: [32mSending typeDefs as string..[39m
2021-06-18 18:39:02:392 [32minfo[39m: [32mSending resolvers as string..[39m
2021-06-18 18:39:02:392 [32minfo[39m: [32mSending resolvers as string..[39m
2021-06-18 18:39:02:392 [32minfo[39m: [32mSending typeDefs as string..[39m
2021-06-18 18:41:29:4129 [32minfo[39m: [32mSending resolvers as string..[39m
2021-06-18 18:41:29:4129 [32minfo[39m: [32mSending resolvers as string..[39m
2021-06-18 18:41:29:4129 [32minfo[39m: [32mSending typeDefs as string..[39m
2021-06-18 18:42:08:428 [32minfo[39m: [32mSending resolvers as string..[39m
2021-06-18 18:42:08:428 [32minfo[39m: [32mSending resolvers as string..[39m
2021-06-18 18:42:08:428 [32minfo[39m: [32mSending typeDefs as string..[39m
2021-06-18 18:44:42:4442 [32minfo[39m: [32mSending resolvers as string..[39m
2021-06-18 18:44:42:4442 [32minfo[39m: [32mSending resolvers as string..[39m
2021-06-18 18:44:42:4442 [32minfo[39m: [32mSending typeDefs as string..[39m
2021-06-18 18:52:44:5244 [35mhttp[39m: [35mClient @ http://localhost:5000[39m
2021-06-18 18:52:44:5244 [32minfo[39m: [32mEPB-server @ http://localhost:8001/graphql[39m
2021-06-18 18:52:46:5246 [32minfo[39m: [32mSending resolvers as string..[39m
2021-06-18 18:52:46:5246 [32minfo[39m: [32mSending resolvers as string..[39m
2021-06-18 18:52:46:5246 [32minfo[39m: [32mSending typeDefs as string..[39m
2021-06-18 18:53:04:534 [35mhttp[39m: [35mClient @ http://localhost:5000[39m
2021-06-18 18:53:04:534 [32minfo[39m: [32mEPB-server @ http://localhost:8001/graphql[39m
2021-06-18 18:53:04:534 [32minfo[39m: [32mSending resolvers as string..[39m
2021-06-18 18:53:04:534 [32minfo[39m: [32mSending resolvers as string..[39m
2021-06-18 18:53:04:534 [32minfo[39m: [32mSending typeDefs as string..[39m
2021-06-18 18:54:11:5411 [35mhttp[39m: [35mClient @ http://localhost:5000[39m
2021-06-18 18:54:11:5411 [32minfo[39m: [32mEPB-server @ http://localhost:8001/graphql[39m
2021-06-18 18:54:11:5411 [32minfo[39m: [32mSending resolvers as string..[39m
2021-06-18 18:54:11:5411 [32minfo[39m: [32mSending resolvers as string..[39m
2021-06-18 18:54:11:5411 [32minfo[39m: [32mSending typeDefs as string..[39m
2021-06-18 18:56:18:5618 [35mhttp[39m: [35mClient @ http://localhost:5000[39m
2021-06-18 18:56:18:5618 [32minfo[39m: [32mEPB-server @ http://localhost:8001/graphql[39m
2021-06-18 18:56:18:5618 [32minfo[39m: [32mSending resolvers as string..[39m
2021-06-18 18:56:18:5618 [32minfo[39m: [32mSending resolvers as string..[39m
2021-06-18 18:56:18:5618 [32minfo[39m: [32mSending typeDefs as string..[39m
2021-06-18 18:57:53:5753 [35mhttp[39m: [35mClient @ http://localhost:5000[39m
2021-06-18 18:57:53:5753 [32minfo[39m: [32mEPB-server @ http://localhost:8001/graphql[39m
2021-06-18 18:57:54:5754 [32minfo[39m: [32mSending resolvers as string..[39m
2021-06-18 18:57:54:5754 [32minfo[39m: [32mSending resolvers as string..[39m
2021-06-18 18:57:54:5754 [32minfo[39m: [32mSending typeDefs as string..[39m
2021-06-18 18:58:14:5814 [35mhttp[39m: [35mClient @ http://localhost:5000[39m
2021-06-18 18:58:14:5814 [32minfo[39m: [32mEPB-server @ http://localhost:8001/graphql[39m
2021-06-18 18:58:26:5826 [35mhttp[39m: [35mClient @ http://localhost:5000[39m
2021-06-18 18:58:26:5826 [32minfo[39m: [32mEPB-server @ http://localhost:8001/graphql[39m
2021-06-18 18:58:26:5826 [32minfo[39m: [32mSending resolvers as string..[39m
2021-06-18 18:58:26:5826 [32minfo[39m: [32mSending resolvers as string..[39m
2021-06-18 18:58:26:5826 [32minfo[39m: [32mSending typeDefs as string..[39m
2021-06-18 18:58:53:5853 [35mhttp[39m: [35mClient @ http://localhost:5000[39m
2021-06-18 18:58:53:5853 [32minfo[39m: [32mEPB-server @ http://localhost:8001/graphql[39m
2021-06-18 18:59:03:593 [35mhttp[39m: [35mClient @ http://localhost:5000[39m
2021-06-18 18:59:03:593 [32minfo[39m: [32mEPB-server @ http://localhost:8001/graphql[39m
2021-06-18 18:59:17:5917 [35mhttp[39m: [35mClient @ http://localhost:5000[39m
2021-06-18 18:59:17:5917 [32minfo[39m: [32mEPB-server @ http://localhost:8001/graphql[39m
2021-06-18 18:59:17:5917 [32minfo[39m: [32mSending resolvers as string..[39m
2021-06-18 18:59:17:5917 [32minfo[39m: [32mSending resolvers as string..[39m
2021-06-18 18:59:17:5917 [32minfo[39m: [32mSending typeDefs as string..[39m
2021-06-18 18:59:40:5940 [35mhttp[39m: [35mClient @ http://localhost:5000[39m
2021-06-18 18:59:40:5940 [32minfo[39m: [32mEPB-server @ http://localhost:8001/graphql[39m
2021-06-18 18:59:40:5940 [32minfo[39m: [32mSending resolvers as string..[39m
2021-06-18 18:59:40:5940 [32minfo[39m: [32mSending resolvers as string..[39m
2021-06-18 18:59:40:5940 [32minfo[39m: [32mSending typeDefs as string..[39m
2021-06-18 18:59:52:5952 [35mhttp[39m: [35mClient @ http://localhost:5000[39m
2021-06-18 18:59:52:5952 [32minfo[39m: [32mEPB-server @ http://localhost:8001/graphql[39m
2021-06-18 18:59:52:5952 [32minfo[39m: [32mSending resolvers as string..[39m
2021-06-18 18:59:52:5952 [32minfo[39m: [32mSending resolvers as string..[39m
2021-06-18 18:59:52:5952 [32minfo[39m: [32mSending typeDefs as string..[39m
2021-06-18 19:01:05:15 [35mhttp[39m: [35mClient @ http://localhost:5000[39m
2021-06-18 19:01:05:15 [32minfo[39m: [32mEPB-server @ http://localhost:8001/graphql[39m
2021-06-18 19:01:05:15 [32minfo[39m: [32mSending resolvers as string..[39m
2021-06-18 19:01:05:15 [32minfo[39m: [32mSending resolvers as string..[39m
2021-06-18 19:01:05:15 [32minfo[39m: [32mSending typeDefs as string..[39m
2021-06-18 19:01:17:117 [35mhttp[39m: [35mClient @ http://localhost:5000[39m
2021-06-18 19:01:17:117 [32minfo[39m: [32mEPB-server @ http://localhost:8001/graphql[39m
2021-06-18 19:01:17:117 [32minfo[39m: [32mSending resolvers as string..[39m
2021-06-18 19:01:17:117 [32minfo[39m: [32mSending resolvers as string..[39m
2021-06-18 19:01:17:117 [32minfo[39m: [32mSending typeDefs as string..[39m
2021-06-18 19:01:33:133 [35mhttp[39m: [35mClient @ http://localhost:5000[39m
2021-06-18 19:01:33:133 [32minfo[39m: [32mEPB-server @ http://localhost:8001/graphql[39m
2021-06-18 19:01:33:133 [32minfo[39m: [32mSending resolvers as string..[39m
2021-06-18 19:01:33:133 [32minfo[39m: [32mSending resolvers as string..[39m
2021-06-18 19:01:33:133 [32minfo[39m: [32mSending typeDefs as string..[39m
2021-06-18 19:01:53:153 [35mhttp[39m: [35mClient @ http://localhost:5000[39m
2021-06-18 19:01:53:153 [32minfo[39m: [32mEPB-server @ http://localhost:8001/graphql[39m
2021-06-18 19:01:53:153 [32minfo[39m: [32mSending resolvers as string..[39m
2021-06-18 19:01:53:153 [32minfo[39m: [32mSending resolvers as string..[39m
2021-06-18 19:01:53:153 [32minfo[39m: [32mSending typeDefs as string..[39m
2021-06-18 19:02:29:229 [35mhttp[39m: [35mClient @ http://localhost:5000[39m
2021-06-18 19:02:29:229 [32minfo[39m: [32mEPB-server @ http://localhost:8001/graphql[39m
2021-06-18 19:02:29:229 [32minfo[39m: [32mSending resolvers as string..[39m
2021-06-18 19:02:29:229 [32minfo[39m: [32mSending resolvers as string..[39m
2021-06-18 19:02:29:229 [32minfo[39m: [32mSending typeDefs as string..[39m
2021-06-18 19:02:54:254 [35mhttp[39m: [35mClient @ http://localhost:5000[39m
2021-06-18 19:02:54:254 [32minfo[39m: [32mEPB-server @ http://localhost:8001/graphql[39m
2021-06-18 19:02:54:254 [32minfo[39m: [32mSending resolvers as string..[39m
2021-06-18 19:02:54:254 [32minfo[39m: [32mSending resolvers as string..[39m
2021-06-18 19:02:54:254 [32minfo[39m: [32mSending typeDefs as string..[39m
2021-06-18 19:03:14:314 [35mhttp[39m: [35mClient @ http://localhost:5000[39m
2021-06-18 19:03:14:314 [32minfo[39m: [32mEPB-server @ http://localhost:8001/graphql[39m
2021-06-18 19:04:00:40 [32minfo[39m: [32mSending resolvers as string..[39m
2021-06-18 19:04:00:40 [32minfo[39m: [32mSending resolvers as string..[39m
2021-06-18 19:04:00:40 [32minfo[39m: [32mSending typeDefs as string..[39m
