2021-06-17 23:07:55:755 [31merror[39m: [31mCould not locate resolvers file, ENOENT: no such file or directory, access 'C:\Users\koren\Documents\GitHub\EPB-server\resolvers'[39m
2021-06-17 23:08:10:810 [31merror[39m: [31mCould not locate resolvers file, ENOENT: no such file or directory, access 'C:\Users\koren\Documents\GitHub\EPB-server\resolvers'[39m
2021-06-17 23:08:34:834 [31merror[39m: [31mCould not locate resolvers file, ENOENT: no such file or directory, access 'C:\Users\koren\Documents\GitHub\resolvers'[39m
2021-06-17 23:08:45:845 [31merror[39m: [31mCould not locate resolvers file, ENOENT: no such file or directory, access 'C:\Users\koren\Documents\GitHub\EPB-server\resolvers'[39m
2021-06-19 18:31:55:3155 [31merror[39m: [31mCould not locate ../resolvers.ts file, ENOENT: no such file or directory, access 'C:\Users\koren\Documents\GitHub\resolvers.ts'[39m
2021-06-20 15:48:39:4839 [31merror[39m: [31mUnexpected token (1:1)[39m
[31m[0m[31m[1m>[22m[31m[90m 1 |[31m [33m.[31m[33m/[31mresolvers[33m.[31mts[0m[39m
[31m[0m [90m   |[31m [31m[1m^[22m[31m[0m[39m
2021-06-21 10:07:49:749 [31merror[39m: [31mSyntax Error: Unexpected Name "import". (1:1)[39m
[31m[0m[31m[1m>[22m[31m[90m 1 |[31m [36mimport[31m { [33mGraphQLScalarType[31m } [36mfrom[31m [32m"graphql"[31m[33m;[31m[0m[39m
[31m[0m [90m   |[31m [31m[1m^[22m[31m[0m[39m
[31m[0m [90m 2 |[31m [36mimport[31m { resolverSchema } [36mfrom[31m [32m"./validations"[31m[33m;[31m[0m[39m
[31m[0m [90m 3 |[31m [90m// option types[31m[0m[39m
[31m[0m [90m 4 |[31m [36mimport[31m { [33mResolverOptions[31m[33m,[31m createCustomTypeOptions[33m,[31m stub } [36mfrom[31m [32m"./types"[31m[33m;[31m[0m[39m
2021-06-21 10:19:26:1926 [31merror[39m: [31mFROM: EPB-server: Invalid resolver info received, aborting.. Error: "returnType" must be one of [string, number, boolean, date, [string], [number], [boolean], [date], int, [int]][39m
2021-06-21 10:19:29:1929 [31merror[39m: [31mFROM: EPB-server: Invalid resolver info received, aborting.. Error: "returnType" must be one of [string, number, boolean, date, [string], [number], [boolean], [date], int, [int]][39m
2021-06-21 10:21:02:212 [31merror[39m: [31mFROM: EPB-server: Invalid resolver info received, aborting.. Error: "returnType" must be one of [string, number, boolean, date, [string], [number], [boolean], [date], int, [int], Date, createCustomTypeOptions, ResolverOptions, Query, Mutation][39m
2021-06-21 10:21:52:2152 [31merror[39m: [31mFROM: EPB-server: Invalid resolver info received, aborting.. Error: "returnType" must be one of [string, number, boolean, date, [string], [number], [boolean], [date], int, [int], Date, createCustomTypeOptions, ResolverOptions, Query, Mutation][39m
2021-06-21 10:22:37:2237 [31merror[39m: [31mFROM: EPB-server: Invalid resolver info received, aborting.. Error: "vars" must be one of [null, string, number, boolean, date, [string], [number], [boolean], [date], int, [int], createcustomtypeoptions, resolveroptions, query, mutation][39m
2021-06-21 10:23:07:237 [31merror[39m: [31mFROM: EPB-server: Invalid resolver info received, aborting.. Error: "returnType" must be one of [string, number, boolean, date, [string], [number], [boolean], [date], int, [int], Date, createCustomTypeOptions, ResolverOptions, Query, Mutation][39m
2021-06-21 10:24:11:2411 [31merror[39m: [31mFROM: EPB-server: Invalid resolver info received, aborting.. Error: "vars" must be one of [null, string, String, number, Number, boolean, Boolean, date, Date, [string], [String], [number], [Number], [boolean], [Boolean], [date], [Date], int, Int, [int], [Int], createCustomTypeOptions, ResolverOptions, Query, Mutation][39m
2021-06-21 10:25:16:2516 [31merror[39m: [31mFROM: EPB-server: Invalid resolver info received, aborting.. Error: "vars" must be one of [null, string, String, number, Number, boolean, Boolean, date, Date, [string], [String], [number], [Number], [boolean], [Boolean], [date], [Date], int, Int, [int], [Int], createCustomTypeOptions, ResolverOptions, Query, Mutation][39m
2021-06-21 10:25:47:2547 [31merror[39m: [31mFROM: EPB-server: Invalid resolver info received, aborting.. Error: "comment" is not allowed to be empty[39m
2021-06-21 10:26:04:264 [31merror[39m: [31mFROM: EPB-server: Invalid resolver info received, aborting.. Error: "comment" is not allowed to be empty[39m
2021-06-21 10:27:30:2730 [31merror[39m: [31mCannot read property '0' of undefined[39m
2021-06-21 10:34:25:3425 [31merror[39m: [31mCannot read property '0' of undefined[39m
2021-06-21 10:37:25:3725 [31merror[39m: [31mCannot read property '0' of undefined[39m
2021-06-21 10:39:31:3931 [31merror[39m: [31mFROM: EPB-server: Invalid resolver info received, aborting.. Error: "name" contains an invalid value[39m
2021-06-21 10:39:45:3945 [31merror[39m: [31mFROM: EPB-server: Invalid resolver info received, aborting.. Error: "name" is not allowed[39m
2021-06-21 10:39:45:3945 [31merror[39m: [31mFROM: EPB-server: Invalid resolver info received, aborting.. Error: "name" is not allowed[39m
2021-06-21 10:39:51:3951 [31merror[39m: [31mFROM: EPB-server: Invalid resolver info received, aborting.. Error: "name" contains an invalid value[39m
2021-06-21 10:40:03:403 [31merror[39m: [31mFROM: EPB-server: Invalid resolver info received, aborting.. Error: "name" contains an invalid value[39m
2021-06-21 10:52:25:5225 [31merror[39m: [31mFROM: EPB-server: Invalid resolver info received, aborting.. Error: "returnType" must be one of [string, String, number, Number, boolean, Boolean, date, Date, [string], [String], [number], [Number], [boolean], [Boolean], [date], [Date], int, Int, [int], [Int], createCustomTypeOptions, ResolverOptions, Query, Mutation][39m
2021-06-21 10:58:54:5854 [31merror[39m: [31mFROM: EPB-server: Invalid resolver info received, aborting.. Error: "returnType" must be one of [string, String, number, Number, boolean, Boolean, date, Date, [string], [String], [number], [Number], [boolean], [Boolean], [date], [Date], int, Int, [int], [Int], createCustomTypeOptions, ResolverOptions, Query, Mutation][39m
2021-06-21 16:53:09:539 [31merror[39m: [31mFROM: EPB-server: Invalid resolver info received, aborting.. Error: "type" is required[39m
2021-06-21 17:57:05:575 [31merror[39m: [31mFROM: EPB-server: Invalid resolver info received, aborting.. Error: "properties[0]" must be one of [string, String, number, Number, boolean, Boolean, date, Date, [string], [String], [number], [Number], [boolean], [Boolean], [date], [Date], int, Int, [int], [Int], createCustomTypeOptions, ResolverOptions, Query, Mutation][39m
2021-06-21 18:00:10:010 [31merror[39m: [31mFROM: EPB-server: Invalid resolver info received, aborting.. Error: "properties[0]" must be one of [string, String, number, Number, boolean, Boolean, date, Date, [string], [String], [number], [Number], [boolean], [Boolean], [date], [Date], int, Int, [int], [Int], createCustomTypeOptions, ResolverOptions, Query, Mutation][39m
2021-06-21 18:00:21:021 [31merror[39m: [31mFROM: EPB-server: Invalid resolver info received, aborting.. Error: "properties[0]" must be one of [string, String, number, Number, boolean, Boolean, date, Date, [string], [String], [number], [Number], [boolean], [Boolean], [date], [Date], int, Int, [int], [Int], createCustomTypeOptions, ResolverOptions, Query, Mutation][39m
2021-06-21 18:01:33:133 [31merror[39m: [31mFROM: EPB-server: Invalid resolver info received, aborting.. Error: "vars[0]" must be one of [string, String, number, Number, boolean, Boolean, date, Date, [string], [String], [number], [Number], [boolean], [Boolean], [date], [Date], int, Int, [int], [Int], createCustomTypeOptions, ResolverOptions, Query, Mutation][39m
2021-06-21 18:07:14:714 [31merror[39m: [31mFROM: EPB-server: Invalid resolver info received, aborting.. Error: "properties[0]" must be one of [string, String, number, Number, boolean, Boolean, date, Date, [string], [String], [number], [Number], [boolean], [Boolean], [date], [Date], int, Int, [int], [Int], createCustomTypeOptions, ResolverOptions, Query, Mutation][39m
2021-06-21 18:07:30:730 [31merror[39m: [31mFROM: EPB-server: Invalid resolver info received, aborting.. Error: "properties[0]" must be one of [string, String, number, Number, boolean, Boolean, date, Date, [string], [String], [number], [Number], [boolean], [Boolean], [date], [Date], int, Int, [int], [Int], createCustomTypeOptions, ResolverOptions, Query, Mutation][39m
2021-06-21 18:11:27:1127 [31merror[39m: [31mFROM: EPB-server: Cannot set property 'options' of undefined[39m
2021-06-21 18:12:08:128 [31merror[39m: [31mFROM: EPB-server: Cannot read property 'trim' of undefined[39m
2021-06-21 18:12:31:1231 [31merror[39m: [31mFROM: EPB-server: Cannot read property 'trim' of undefined[39m
2021-06-21 18:13:32:1332 [31merror[39m: [31mFROM: EPB-server: Cannot read property 'trim' of undefined[39m
2021-06-21 18:13:43:1343 [31merror[39m: [31mFROM: EPB-server: Cannot read property 'trim' of undefined[39m
2021-06-21 18:56:47:5647 [31merror[39m: [31mFROM: EPB-server: Invalid resolver info received, aborting.. Error: "properties" is not allowed[39m
2021-06-21 19:01:09:19 [31merror[39m: [31mFROM: EPB-server: Invalid resolver info received, aborting.. Error: "vars[0]" must be one of [string, String, number, Number, boolean, Boolean, date, Date, [string], [String], [number], [Number], [boolean], [Boolean], [date], [Date], int, Int, [int], [Int], createCustomTypeOptions, ResolverOptions, Query, Mutation][39m
2021-06-21 19:02:01:21 [31merror[39m: [31mFROM: EPB-server: Invalid resolver info received, aborting.. Error: "vars[0]" must be one of [string, String, number, Number, boolean, Boolean, date, Date, [string], [String], [number], [Number], [boolean], [Boolean], [date], [Date], int, Int, [int], [Int], createCustomTypeOptions, ResolverOptions, Query, Mutation][39m
2021-06-21 19:02:30:230 [31merror[39m: [31mFROM: EPB-server: Invalid resolver info received, aborting.. Error: "vars[0]" must be one of [string, String, number, Number, boolean, Boolean, date, Date, [string], [String], [number], [Number], [boolean], [Boolean], [date], [Date], int, Int, [int], [Int], createCustomTypeOptions, ResolverOptions, Query, Mutation][39m
2021-06-21 19:02:56:256 [31merror[39m: [31mFROM: EPB-server: Invalid resolver info received, aborting.. Error: "vars[0]" must be one of [string, String, number, Number, boolean, Boolean, date, Date, [string], [String], [number], [Number], [boolean], [Boolean], [date], [Date], int, Int, [int], [Int], createCustomTypeOptions, ResolverOptions, Query, Mutation][39m
2021-06-21 19:40:07:407 [31merror[39m: [31mFROM: EPB-server: Invalid resolver info received, aborting.. Error: "value" must be of type object[39m
2021-06-21 19:40:45:4045 [31merror[39m: [31mFROM: EPB-server: Invalid resolver info received, aborting.. Error: "value" must be of type object[39m
2021-06-21 19:40:56:4056 [31merror[39m: [31mFROM: EPB-server: Invalid resolver info received, aborting.. Error: "value" must be of type object[39m
2021-06-22 06:42:07:427 [31merror[39m: [31mFROM: EPB-server: Invalid resolver info received, aborting.. Error: "properties" is not allowed[39m
